<?xml version="1.0" encoding="UTF-8"?>
<testng-results ignored="0" total="1" passed="1" failed="0" skipped="0">
  <reporter-output>
  </reporter-output>
  <suite started-at="2023-08-21T15:26:36 IST" name="Default suite" finished-at="2023-08-21T15:26:36 IST" duration-ms="86">
    <groups>
    </groups>
    <test started-at="2023-08-21T15:26:36 IST" name="Default test" finished-at="2023-08-21T15:26:36 IST" duration-ms="86">
      <class name="Pratice.Demo1">
        <test-method signature="Demo1()[pri:0, instance:Pratice.Demo1@2053d869]" started-at="2023-08-21T15:26:36 IST" name="Demo1" finished-at="2023-08-21T15:26:36 IST" duration-ms="13" status="PASS">
          <reporter-output>
          </reporter-output>
        </test-method> <!-- Demo1 -->
      </class> <!-- Pratice.Demo1 -->
    </test> <!-- Default test -->
  </suite> <!-- Default suite -->
</testng-results>
